      0.0000000      1.0000000      0.0000000      0.0000000      0.0000000      0.0000000      0.0000000      0.0000000      0.0000000
      2.0000000      0.9989093      0.0000000      0.0011425     -0.0329826      0.0011425      0.0329826      0.0010906      0.0000000
      4.0000000      0.9956486      0.0000000      0.0045711     -0.0656265      0.0045711      0.0656265      0.0043514      0.0000000
      6.0000000      0.9902511      0.0000000      0.0102273     -0.0976003      0.0102273      0.0976003      0.0097488      0.0000000
      8.0000000      0.9827718      0.0000000      0.0180273     -0.1285844      0.0180273      0.1285844      0.0172281      0.0000000
     10.0000000      0.9732865      0.0000000      0.0278652     -0.1582674      0.0278652      0.1582674      0.0267134      0.0000000
     12.0000000      0.9618907      0.0000000      0.0395967     -0.1863658      0.0395967      0.1863658      0.0381092      0.0000000
     14.0000000      0.9486978      0.0000000      0.0530976     -0.2126154      0.0530976      0.2126154      0.0513021      0.0000000
     16.0000000      0.9338389      0.0000000      0.0682554     -0.2367472      0.0682554      0.2367472      0.0661610      0.0000000
     18.0000000      0.9174614      0.0000000      0.0848498     -0.2585483      0.0848498      0.2585483      0.0825384      0.0000000
     20.0000000      0.8997241      0.0000000      0.1025622     -0.2778896      0.1025622      0.2778896      0.1002757      0.0000000
     22.0000000      0.8807946      0.0000000      0.1212349     -0.2945942      0.1212349      0.2945942      0.1192052      0.0000000
     24.0000000      0.8608536      0.0000000      0.1407564     -0.3084904      0.1407564      0.3084904      0.1391462      0.0000000
     26.0000000      0.8400884      0.0000000      0.1607828     -0.3195311      0.1607828      0.3195311      0.1599114      0.0000000
     28.0000000      0.8186904      0.0000000      0.1811554     -0.3276253      0.1811554      0.3276253      0.1813093      0.0000000
     30.0000000      0.7968565      0.0000000      0.2017478     -0.3327286      0.2017478      0.3327286      0.2031432      0.0000000
     32.0000000      0.7747830      0.0000000      0.2222531     -0.3348892      0.2222531      0.3348892      0.2252167      0.0000000
     34.0000000      0.7526600      0.0000000      0.2423895     -0.3342519      0.2423895      0.3342519      0.2473396      0.0000000
     36.0000000      0.7306717      0.0000000      0.2620726     -0.3308069      0.2620726      0.3308069      0.2693280      0.0000000
     38.0000000      0.7090037      0.0000000      0.2811717     -0.3245372      0.2811717      0.3245372      0.2909959      0.0000000
     40.0000000      0.6878450      0.0000000      0.2995405     -0.3154163      0.2995405      0.3154163      0.3121547      0.0000000
     42.0000000      0.6673765      0.0000000      0.3168449     -0.3037161      0.3168449      0.3037161      0.3326231      0.0000000
     44.0000000      0.6477573      0.0000000      0.3329570     -0.2897193      0.3329570      0.2897193      0.3522423      0.0000000
     46.0000000      0.6291342      0.0000000      0.3477139     -0.2736267      0.3477139      0.2736267      0.3708653      0.0000000
     48.0000000      0.6116355      0.0000000      0.3609342     -0.2557388      0.3609342      0.2557388      0.3883640      0.0000000
     50.0000000      0.5953671      0.0000000      0.3724686     -0.2364603      0.3724686      0.2364603      0.4046324      0.0000000
     52.0000000      0.5804133      0.0000000      0.3823310     -0.2159270      0.3823310      0.2159270      0.4195862      0.0000000
     54.0000000      0.5668574      0.0000000      0.3905655     -0.1941954      0.3905655      0.1941954      0.4331421      0.0000000
     56.0000000      0.5547698      0.0000000      0.3971009     -0.1715330      0.3971009      0.1715330      0.4452296      0.0000000
     58.0000000      0.5442000      0.0000000      0.4018290     -0.1483110      0.4018290      0.1483110      0.4557995      0.0000000
     60.0000000      0.5351786      0.0000000      0.4048704     -0.1247008      0.4048704      0.1247008      0.4648208      0.0000000
     62.0000000      0.5277221      0.0000000      0.4063399     -0.1009889      0.4063399      0.1009889      0.4722773      0.0000000
     64.0000000      0.5218296      0.0000000      0.4062726     -0.0773986      0.4062726      0.0773986      0.4781697      0.0000000
     66.0000000      0.5174862      0.0000000      0.4046371     -0.0541275      0.4046371      0.0541275      0.4825132      0.0000000
     68.0000000      0.5146645      0.0000000      0.4016066     -0.0313884      0.4016066      0.0313884      0.4853348      0.0000000
     70.0000000      0.5133229      0.0000000      0.3974481     -0.0093295      0.3974481      0.0093295      0.4866764      0.0000000
     72.0000000      0.5134170      0.0000000      0.3921450      0.0120674      0.3921450     -0.0120674      0.4865823      0.0000000
     74.0000000      0.5149006      0.0000000      0.3857538      0.0326925      0.3857538     -0.0326925      0.4850987      0.0000000
     76.0000000      0.5177145      0.0000000      0.3783596      0.0522712      0.3783596     -0.0522712      0.4822848      0.0000000
     78.0000000      0.5217822      0.0000000      0.3701243      0.0706393      0.3701243     -0.0706393      0.4782171      0.0000000
     80.0000000      0.5270213      0.0000000      0.3611806      0.0877337      0.3611806     -0.0877337      0.4729780      0.0000000
     82.0000000      0.5333517      0.0000000      0.3516510      0.1036670      0.3516510     -0.1036670      0.4666475      0.0000000
     84.0000000      0.5406936      0.0000000      0.3416119      0.1183302      0.3416119     -0.1183302      0.4593056      0.0000000
     86.0000000      0.5489590      0.0000000      0.3311137      0.1316091      0.3311137     -0.1316091      0.4510402      0.0000000
     88.0000000      0.5580548      0.0000000      0.3202614      0.1434259      0.3202614     -0.1434259      0.4419444      0.0000000
     90.0000000      0.5678758      0.0000000      0.3092993      0.1535435      0.3092993     -0.1535435      0.4321234      0.0000000
     92.0000000      0.5783110      0.0000000      0.2983013      0.1620363      0.2983013     -0.1620363      0.4216881      0.0000000
     94.0000000      0.5892563      0.0000000      0.2873234      0.1690040      0.2873234     -0.1690040      0.4107428      0.0000000
     96.0000000      0.6006138      0.0000000      0.2764190      0.1745137      0.2764190     -0.1745137      0.3993852      0.0000000
     98.0000000      0.6122878      0.0000000      0.2656819      0.1785836      0.2656819     -0.1785836      0.3877113      0.0000000
    100.0000000      0.6241830      0.0000000      0.2551614      0.1812233      0.2551614     -0.1812233      0.3758161      0.0000000
    102.0000000      0.6362089      0.0000000      0.2448355      0.1825402      0.2448355     -0.1825402      0.3637902      0.0000000
    104.0000000      0.6482760      0.0000000      0.2348583      0.1824690      0.2348583     -0.1824690      0.3517230      0.0000000
    106.0000000      0.6602929      0.0000000      0.2253663      0.1810140      0.2253663     -0.1810140      0.3397061      0.0000000
    108.0000000      0.6721683      0.0000000      0.2163947      0.1782124      0.2163947     -0.1782124      0.3278307      0.0000000
    110.0000000      0.6838190      0.0000000      0.2079495      0.1742209      0.2079495     -0.1742209      0.3161800      0.0000000
    112.0000000      0.6951664      0.0000000      0.2001381      0.1690381      0.2001381     -0.1690381      0.3048326      0.0000000
    114.0000000      0.7061349      0.0000000      0.1929119      0.1627902      0.1929119     -0.1627902      0.2938640      0.0000000
    116.0000000      0.7166591      0.0000000      0.1862540      0.1555892      0.1862540     -0.1555892      0.2833398      0.0000000
    118.0000000      0.7266764      0.0000000      0.1802250      0.1474420      0.1802250     -0.1474420      0.2733225      0.0000000
    120.0000000      0.7361248      0.0000000      0.1748422      0.1383983      0.1748422     -0.1383983      0.2638740      0.0000000
    122.0000000      0.7449486      0.0000000      0.1701428      0.1285485      0.1701428     -0.1285485      0.2550502      0.0000000
    124.0000000      0.7531007      0.0000000      0.1661090      0.1181190      0.1661090     -0.1181190      0.2468981      0.0000000
    126.0000000      0.7605489      0.0000000      0.1627398      0.1072454      0.1627398     -0.1072454      0.2394499      0.0000000
    128.0000000      0.7672652      0.0000000      0.1600532      0.0959728      0.1600532     -0.0959728      0.2327336      0.0000000
    130.0000000      0.7732246      0.0000000      0.1580705      0.0843522      0.1580705     -0.0843522      0.2267741      0.0000000
    132.0000000      0.7784062      0.0000000      0.1567712      0.0724318      0.1567712     -0.0724318      0.2215925      0.0000000
    134.0000000      0.7827930      0.0000000      0.1560934      0.0603373      0.1560934     -0.0603373      0.2172057      0.0000000
    136.0000000      0.7863793      0.0000000      0.1560340      0.0482015      0.1560340     -0.0482015      0.2136193      0.0000000
    138.0000000      0.7891622      0.0000000      0.1566187      0.0360350      0.1566187     -0.0360350      0.2108365      0.0000000
    140.0000000      0.7911458      0.0000000      0.1577834      0.0240383      0.1577834     -0.0240383      0.2088528      0.0000000
    142.0000000      0.7923429      0.0000000      0.1595084      0.0122242      0.1595084     -0.0122242      0.2076557      0.0000000
    144.0000000      0.7927663      0.0000000      0.1617822      0.0006391      0.1617822     -0.0006391      0.2072323      0.0000000
    146.0000000      0.7924344      0.0000000      0.1645551     -0.0106300      0.1645551      0.0106300      0.2075642      0.0000000
    148.0000000      0.7913703      0.0000000      0.1678504     -0.0214908      0.1678504      0.0214908      0.2086283      0.0000000
    150.0000000      0.7896067      0.0000000      0.1715894     -0.0317959      0.1715894      0.0317959      0.2103918      0.0000000
    152.0000000      0.7871803      0.0000000      0.1756214     -0.0415404      0.1756214      0.0415404      0.2128182      0.0000000
    154.0000000      0.7841300      0.0000000      0.1799916     -0.0506905      0.1799916      0.0506905      0.2158685      0.0000000
    156.0000000      0.7804956      0.0000000      0.1847034     -0.0591967      0.1847034      0.0591967      0.2195028      0.0000000
    158.0000000      0.7763205      0.0000000      0.1896489     -0.0670632      0.1896489      0.0670632      0.2236779      0.0000000
    160.0000000      0.7716491      0.0000000      0.1947078     -0.0741991      0.1947078      0.0741991      0.2283493      0.0000000
    162.0000000      0.7665302      0.0000000      0.1998885     -0.0806259      0.1998885      0.0806259      0.2334682      0.0000000
    164.0000000      0.7610098      0.0000000      0.2051743     -0.0863291      0.2051743      0.0863291      0.2389886      0.0000000
    166.0000000      0.7551383      0.0000000      0.2105526     -0.0912631      0.2105526      0.0912631      0.2448601      0.0000000
    168.0000000      0.7489641      0.0000000      0.2159094     -0.0955047      0.2159094      0.0955047      0.2510343      0.0000000
    170.0000000      0.7425319      0.0000000      0.2212420     -0.0990316      0.2212420      0.0990316      0.2574664      0.0000000
    172.0000000      0.7358962      0.0000000      0.2265424     -0.1016769      0.2265424      0.1016769      0.2641022      0.0000000
    174.0000000      0.7291112      0.0000000      0.2316984     -0.1035684      0.2316984      0.1035684      0.2708871      0.0000000
    176.0000000      0.7222226      0.0000000      0.2366716     -0.1048245      0.2366716      0.1048245      0.2777756      0.0000000
    178.0000000      0.7152740      0.0000000      0.2415435     -0.1053612      0.2415435      0.1053612      0.2847243      0.0000000
    180.0000000      0.7083154      0.0000000      0.2463353     -0.1051311      0.2463353      0.1051311      0.2916829      0.0000000
    182.0000000      0.7013943      0.0000000      0.2509352     -0.1042588      0.2509352      0.1042588      0.2986040      0.0000000
    184.0000000      0.6945492      0.0000000      0.2553221     -0.1028312      0.2553221      0.1028312      0.3054490      0.0000000
    186.0000000      0.6878191      0.0000000      0.2594966     -0.1007404      0.2594966      0.1007404      0.3121791      0.0000000
    188.0000000      0.6812523      0.0000000      0.2634689     -0.0979091      0.2634689      0.0979091      0.3187459      0.0000000
    190.0000000      0.6748910      0.0000000      0.2672352     -0.0945482      0.2672352      0.0945482      0.3251072      0.0000000
    192.0000000      0.6687673      0.0000000      0.2706409     -0.0907325      0.2706409      0.0907325      0.3312308      0.0000000
    194.0000000      0.6629094      0.0000000      0.2736544     -0.0864758      0.2736544      0.0864758      0.3370887      0.0000000
    196.0000000      0.6573512      0.0000000      0.2763222     -0.0816792      0.2763222      0.0816792      0.3426469      0.0000000
    198.0000000      0.6521253      0.0000000      0.2786725     -0.0764178      0.2786725      0.0764178      0.3478728      0.0000000
    200.0000000      0.6472596      0.0000000      0.2807303     -0.0708027      0.2807303      0.0708027      0.3527384      0.0000000
    202.0000000      0.6427745      0.0000000      0.2825159     -0.0649085      0.2825159      0.0649085      0.3572235      0.0000000
    204.0000000      0.6386877      0.0000000      0.2839331     -0.0587347      0.2839331      0.0587347      0.3613103      0.0000000
    206.0000000      0.6350172      0.0000000      0.2849337     -0.0523309      0.2849337      0.0523309      0.3649808      0.0000000
    208.0000000      0.6317784      0.0000000      0.2856076     -0.0456521      0.2856076      0.0456521      0.3682196      0.0000000
    210.0000000      0.6289862      0.0000000      0.2859709     -0.0388622      0.2859709      0.0388622      0.3710118      0.0000000
    212.0000000      0.6266428      0.0000000      0.2860849     -0.0320598      0.2860849      0.0320598      0.3733551      0.0000000
    214.0000000      0.6247486      0.0000000      0.2858896     -0.0252863      0.2858896      0.0252863      0.3752493      0.0000000
    216.0000000      0.6233021      0.0000000      0.2854055     -0.0184725      0.2854055      0.0184725      0.3766958      0.0000000
    218.0000000      0.6223088      0.0000000      0.2847319     -0.0115875      0.2847319      0.0115875      0.3776890      0.0000000
    220.0000000      0.6217692      0.0000000      0.2838359     -0.0047513      0.2838359      0.0047513      0.3782287      0.0000000
    222.0000000      0.6216812      0.0000000      0.2827028      0.0020812      0.2827028     -0.0020812      0.3783167      0.0000000
    224.0000000      0.6220430      0.0000000      0.2812995      0.0088491      0.2812995     -0.0088491      0.3779548      0.0000000
    226.0000000      0.6228446      0.0000000      0.2795664      0.0153641      0.2795664     -0.0153641      0.3771532      0.0000000
    228.0000000      0.6240679      0.0000000      0.2774485      0.0216229      0.2774485     -0.0216229      0.3759298      0.0000000
    230.0000000      0.6256969      0.0000000      0.2749601      0.0276274      0.2749601     -0.0276274      0.3743009      0.0000000
    232.0000000      0.6277110      0.0000000      0.2722144      0.0332629      0.2722144     -0.0332629      0.3722867      0.0000000
    234.0000000      0.6300827      0.0000000      0.2692783      0.0384489      0.2692783     -0.0384489      0.3699151      0.0000000
    236.0000000      0.6327846      0.0000000      0.2660542      0.0432790      0.2660542     -0.0432790      0.3672131      0.0000000
    238.0000000      0.6357928      0.0000000      0.2626381      0.0476883      0.2626381     -0.0476883      0.3642049      0.0000000
    240.0000000      0.6390755      0.0000000      0.2591536      0.0515866      0.2591536     -0.0515866      0.3609221      0.0000000
    242.0000000      0.6425980      0.0000000      0.2555940      0.0549238      0.2555940     -0.0549238      0.3573996      0.0000000
    244.0000000      0.6463205      0.0000000      0.2519936      0.0576503      0.2519936     -0.0576503      0.3536772      0.0000000
    246.0000000      0.6502051      0.0000000      0.2483662      0.0598373      0.2483662     -0.0598373      0.3497925      0.0000000
    248.0000000      0.6542160      0.0000000      0.2447769      0.0614731      0.2447769     -0.0614731      0.3457816      0.0000000
    250.0000000      0.6583183      0.0000000      0.2412922      0.0626110      0.2412922     -0.0626110      0.3416792      0.0000000
    252.0000000      0.6624794      0.0000000      0.2379097      0.0632464      0.2379097     -0.0632464      0.3375181      0.0000000
    254.0000000      0.6666662      0.0000000      0.2345795      0.0634029      0.2345795     -0.0634029      0.3333313      0.0000000
    256.0000000      0.6708495      0.0000000      0.2314448      0.0631492      0.2314448     -0.0631492      0.3291480      0.0000000
    258.0000000      0.6750027      0.0000000      0.2285274      0.0624898      0.2285274     -0.0624898      0.3249948      0.0000000
    260.0000000      0.6790987      0.0000000      0.2257494      0.0614093      0.2257494     -0.0614093      0.3208987      0.0000000
    262.0000000      0.6831085      0.0000000      0.2230561      0.0598967      0.2230561     -0.0598967      0.3168890      0.0000000
    264.0000000      0.6870090      0.0000000      0.2204907      0.0581141      0.2204907     -0.0581141      0.3129884      0.0000000
    266.0000000      0.6907809      0.0000000      0.2180320      0.0559961      0.2180320     -0.0559961      0.3092165      0.0000000
    268.0000000      0.6944018      0.0000000      0.2157819      0.0535342      0.2157819     -0.0535342      0.3055956      0.0000000
    270.0000000      0.6978475      0.0000000      0.2136633      0.0506925      0.2136633     -0.0506925      0.3021499      0.0000000
    272.0000000      0.7010928      0.0000000      0.2117281      0.0474676      0.2117281     -0.0474676      0.2989045      0.0000000
    274.0000000      0.7041130      0.0000000      0.2100407      0.0439134      0.2100407     -0.0439134      0.2958843      0.0000000
    276.0000000      0.7068929      0.0000000      0.2085886      0.0401877      0.2085886     -0.0401877      0.2931044      0.0000000
    278.0000000      0.7094182      0.0000000      0.2073783      0.0362111      0.2073783     -0.0362111      0.2905790      0.0000000
    280.0000000      0.7116765      0.0000000      0.2064070      0.0321395      0.2064070     -0.0321395      0.2883208      0.0000000
    282.0000000      0.7136640      0.0000000      0.2056613      0.0279977      0.2056613     -0.0279977      0.2863332      0.0000000
    284.0000000      0.7153732      0.0000000      0.2051524      0.0237033      0.2051524     -0.0237033      0.2846240      0.0000000
    286.0000000      0.7167932      0.0000000      0.2048605      0.0192575      0.2048605     -0.0192575      0.2832040      0.0000000
    288.0000000      0.7179182      0.0000000      0.2048354      0.0148084      0.2048354     -0.0148084      0.2820790      0.0000000
    290.0000000      0.7187518      0.0000000      0.2049797      0.0104244      0.2049797     -0.0104244      0.2812453      0.0000000
    292.0000000      0.7192964      0.0000000      0.2053246      0.0060778      0.2053246     -0.0060778      0.2807007      0.0000000
    294.0000000      0.7195579      0.0000000      0.2059843      0.0018681      0.2059843     -0.0018681      0.2804392      0.0000000
    296.0000000      0.7195474      0.0000000      0.2068364     -0.0021639      0.2068364      0.0021639      0.2804497      0.0000000
    298.0000000      0.7192759      0.0000000      0.2078262     -0.0060192      0.2078262      0.0060192      0.2807211      0.0000000
    300.0000000      0.7187549      0.0000000      0.2088791     -0.0097342      0.2088791      0.0097342      0.2812421      0.0000000
    302.0000000      0.7179914      0.0000000      0.2100412     -0.0133578      0.2100412      0.0133578      0.2820056      0.0000000
    304.0000000      0.7169921      0.0000000      0.2112935     -0.0168476      0.2112935      0.0168476      0.2830049      0.0000000
    306.0000000      0.7157721      0.0000000      0.2126201     -0.0200350      0.2126201      0.0200350      0.2842249      0.0000000
    308.0000000      0.7143494      0.0000000      0.2140298     -0.0229883      0.2140298      0.0229883      0.2856475      0.0000000
    310.0000000      0.7127391      0.0000000      0.2154423     -0.0257134      0.2154423      0.0257134      0.2872579      0.0000000
    312.0000000      0.7109565      0.0000000      0.2169074     -0.0281964      0.2169074      0.0281964      0.2890404      0.0000000
    314.0000000      0.7090171      0.0000000      0.2184444     -0.0304752      0.2184444      0.0304752      0.2909798      0.0000000
    316.0000000      0.7069331      0.0000000      0.2200411     -0.0325743      0.2200411      0.0325743      0.2930637      0.0000000
    318.0000000      0.7047157      0.0000000      0.2216512     -0.0345055      0.2216512      0.0345055      0.2952811      0.0000000
    320.0000000      0.7023788      0.0000000      0.2232842     -0.0361774      0.2232842      0.0361774      0.2976181      0.0000000
    322.0000000      0.6999420      0.0000000      0.2248716     -0.0375159      0.2248716      0.0375159      0.3000548      0.0000000
    324.0000000      0.6974273      0.0000000      0.2264768     -0.0385531      0.2264768      0.0385531      0.3025695      0.0000000
    326.0000000      0.6948527      0.0000000      0.2281097     -0.0393280      0.2281097      0.0393280      0.3051440      0.0000000
    328.0000000      0.6922371      0.0000000      0.2296648     -0.0397723      0.2296648      0.0397723      0.3077596      0.0000000
    330.0000000      0.6896043      0.0000000      0.2311218     -0.0398744      0.2311218      0.0398744      0.3103924      0.0000000
    332.0000000      0.6869698      0.0000000      0.2324771     -0.0398585      0.2324771      0.0398585      0.3130269      0.0000000
    334.0000000      0.6843395      0.0000000      0.2338792     -0.0397137      0.2338792      0.0397137      0.3156572      0.0000000
    336.0000000      0.6817288      0.0000000      0.2352799     -0.0392443      0.2352799      0.0392443      0.3182679      0.0000000
    338.0000000      0.6791603      0.0000000      0.2365378     -0.0384460      0.2365378      0.0384460      0.3208364      0.0000000
    340.0000000      0.6766546      0.0000000      0.2377048     -0.0373454      0.2377048      0.0373454      0.3233420      0.0000000
    342.0000000      0.6742297      0.0000000      0.2388169     -0.0360083      0.2388169      0.0360083      0.3257668      0.0000000
    344.0000000      0.6719005      0.0000000      0.2398861     -0.0344766      0.2398861      0.0344766      0.3280961      0.0000000
    346.0000000      0.6696753      0.0000000      0.2410053     -0.0328362      0.2410053      0.0328362      0.3303212      0.0000000
    348.0000000      0.6675679      0.0000000      0.2419818     -0.0309003      0.2419818      0.0309003      0.3324286      0.0000000
    350.0000000      0.6655972      0.0000000      0.2428614     -0.0287150      0.2428614      0.0287150      0.3343993      0.0000000
    352.0000000      0.6637761      0.0000000      0.2436564     -0.0263782      0.2436564      0.0263782      0.3362203      0.0000000
    354.0000000      0.6621154      0.0000000      0.2444011     -0.0238648      0.2444011      0.0238648      0.3378810      0.0000000
    356.0000000      0.6606244      0.0000000      0.2450473     -0.0212359      0.2450473      0.0212359      0.3393721      0.0000000
    358.0000000      0.6593120      0.0000000      0.2455093     -0.0184736      0.2455093      0.0184736      0.3406844      0.0000000
    360.0000000      0.6581853      0.0000000      0.2458325     -0.0155974      0.2458325      0.0155974      0.3418111      0.0000000
    362.0000000      0.6572540      0.0000000      0.2459554     -0.0125831      0.2459554      0.0125831      0.3427423      0.0000000
    364.0000000      0.6565226      0.0000000      0.2459255     -0.0095532      0.2459255      0.0095532      0.3434738      0.0000000
    366.0000000      0.6559913      0.0000000      0.2457524     -0.0065390      0.2457524      0.0065390      0.3440050      0.0000000
    368.0000000      0.6556571      0.0000000      0.2453714     -0.0035678      0.2453714      0.0035678      0.3443392      0.0000000
    370.0000000      0.6555201      0.0000000      0.2448308     -0.0005923      0.2448308      0.0005923      0.3444762      0.0000000
    372.0000000      0.6555759      0.0000000      0.2440682      0.0022660      0.2440682     -0.0022660      0.3444204      0.0000000
    374.0000000      0.6558188      0.0000000      0.2430324      0.0050720      0.2430324     -0.0050720      0.3441774      0.0000000
    376.0000000      0.6562423      0.0000000      0.2418325      0.0077069      0.2418325     -0.0077069      0.3437539      0.0000000
    378.0000000      0.6568322      0.0000000      0.2405203      0.0101117      0.2405203     -0.0101117      0.3431640      0.0000000
    380.0000000      0.6575738      0.0000000      0.2391282      0.0122878      0.2391282     -0.0122878      0.3424223      0.0000000
    382.0000000      0.6584489      0.0000000      0.2376504      0.0141496      0.2376504     -0.0141496      0.3415472      0.0000000
    384.0000000      0.6594383      0.0000000      0.2361437      0.0157729      0.2361437     -0.0157729      0.3405578      0.0000000
    386.0000000      0.6605299      0.0000000      0.2346057      0.0172228      0.2346057     -0.0172228      0.3394662      0.0000000
    388.0000000      0.6617080      0.0000000      0.2330687      0.0184079      0.2330687     -0.0184079      0.3382881      0.0000000
    390.0000000      0.6629609      0.0000000      0.2315829      0.0195068      0.2315829     -0.0195068      0.3370351      0.0000000
    392.0000000      0.6642844      0.0000000      0.2300916      0.0205270      0.2300916     -0.0205270      0.3357116      0.0000000
    394.0000000      0.6656702      0.0000000      0.2285948      0.0213962      0.2285948     -0.0213962      0.3343258      0.0000000
    396.0000000      0.6671089      0.0000000      0.2270907      0.0221045      0.2270907     -0.0221045      0.3328871      0.0000000
    398.0000000      0.6685864      0.0000000      0.2255941      0.0225828      0.2255941     -0.0225828      0.3314096      0.0000000
    400.0000000      0.6700877      0.0000000      0.2241514      0.0228261      0.2241514     -0.0228261      0.3299083      0.0000000
    402.0000000      0.6715986      0.0000000      0.2227662      0.0228648      0.2227662     -0.0228648      0.3283973      0.0000000
    404.0000000      0.6731054      0.0000000      0.2213958      0.0227094      0.2213958     -0.0227094      0.3268905      0.0000000
    406.0000000      0.6745940      0.0000000      0.2200720      0.0223026      0.2200720     -0.0223026      0.3254018      0.0000000
    408.0000000      0.6760485      0.0000000      0.2189019      0.0217042      0.2189019     -0.0217042      0.3239473      0.0000000
    410.0000000      0.6774585      0.0000000      0.2179435      0.0209366      0.2179435     -0.0209366      0.3225373      0.0000000
    412.0000000      0.6788115      0.0000000      0.2170700      0.0199733      0.2170700     -0.0199733      0.3211844      0.0000000
    414.0000000      0.6800924      0.0000000      0.2163157      0.0187493      0.2163157     -0.0187493      0.3199034      0.0000000
    416.0000000      0.6812831      0.0000000      0.2155561      0.0172643      0.2155561     -0.0172643      0.3187127      0.0000000
    418.0000000      0.6823716      0.0000000      0.2149432      0.0156592      0.2149432     -0.0156592      0.3176241      0.0000000
    420.0000000      0.6833508      0.0000000      0.2144502      0.0139845      0.2144502     -0.0139845      0.3166450      0.0000000
    422.0000000      0.6842201      0.0000000      0.2140538      0.0123143      0.2140538     -0.0123143      0.3157756      0.0000000
    424.0000000      0.6849769      0.0000000      0.2138485      0.0105861      0.2138485     -0.0105861      0.3150188      0.0000000
    426.0000000      0.6856193      0.0000000      0.2137494      0.0088547      0.2137494     -0.0088547      0.3143763      0.0000000
    428.0000000      0.6861464      0.0000000      0.2137136      0.0071069      0.2137136     -0.0071069      0.3138493      0.0000000
    430.0000000      0.6865594      0.0000000      0.2138285      0.0053911      0.2138285     -0.0053911      0.3134363      0.0000000
    432.0000000      0.6868596      0.0000000      0.2141086      0.0037123      0.2141086     -0.0037123      0.3131360      0.0000000
    434.0000000      0.6870501      0.0000000      0.2145304      0.0020449      0.2145304     -0.0020449      0.3129455      0.0000000
    436.0000000      0.6871301      0.0000000      0.2151235      0.0003810      0.2151235     -0.0003810      0.3128655      0.0000000
    438.0000000      0.6870996      0.0000000      0.2158140     -0.0013088      0.2158140      0.0013088      0.3128959      0.0000000
    440.0000000      0.6869583      0.0000000      0.2165938     -0.0029473      0.2165938      0.0029473      0.3130372      0.0000000
    442.0000000      0.6867128      0.0000000      0.2174072     -0.0044765      0.2174072      0.0044765      0.3132827      0.0000000
    444.0000000      0.6863666      0.0000000      0.2182305     -0.0059994      0.2182305      0.0059994      0.3136289      0.0000000
    446.0000000      0.6859211      0.0000000      0.2190696     -0.0074788      0.2190696      0.0074788      0.3140743      0.0000000
    448.0000000      0.6853773      0.0000000      0.2198654     -0.0089860      0.2198654      0.0089860      0.3146181      0.0000000
    450.0000000      0.6847344      0.0000000      0.2206600     -0.0104636      0.2206600      0.0104636      0.3152610      0.0000000
    452.0000000      0.6839959      0.0000000      0.2215149     -0.0118704      0.2215149      0.0118704      0.3159994      0.0000000
    454.0000000      0.6831686      0.0000000      0.2224775     -0.0131465      0.2224775      0.0131465      0.3168268      0.0000000
    456.0000000      0.6822611      0.0000000      0.2235243     -0.0142977      0.2235243      0.0142977      0.3177342      0.0000000
    458.0000000      0.6812819      0.0000000      0.2246149     -0.0153205      0.2246149      0.0153205      0.3187134      0.0000000
    460.0000000      0.6802379      0.0000000      0.2258051     -0.0162761      0.2258051      0.0162761      0.3197574      0.0000000
    462.0000000      0.6791325      0.0000000      0.2270781     -0.0171545      0.2270781      0.0171545      0.3208628      0.0000000
    464.0000000      0.6779749      0.0000000      0.2283328     -0.0178523      0.2283328      0.0178523      0.3220204      0.0000000
    466.0000000      0.6767768      0.0000000      0.2295115     -0.0183826      0.2295115      0.0183826      0.3232184      0.0000000
    468.0000000      0.6755479      0.0000000      0.2307244     -0.0188018      0.2307244      0.0188018      0.3244473      0.0000000
    470.0000000      0.6742938      0.0000000      0.2319714     -0.0191426      0.2319714      0.0191426      0.3257014      0.0000000
    472.0000000      0.6730206      0.0000000      0.2332847     -0.0193681      0.2332847      0.0193681      0.3269746      0.0000000
    474.0000000      0.6717398      0.0000000      0.2346417     -0.0193296      0.2346417      0.0193296      0.3282554      0.0000000
    476.0000000      0.6704742      0.0000000      0.2360547     -0.0189399      0.2360547      0.0189399      0.3295210      0.0000000
    478.0000000      0.6692421      0.0000000      0.2374732     -0.0182882      0.2374732      0.0182882      0.3307530      0.0000000
    480.0000000      0.6680658      0.0000000      0.2387714     -0.0172702      0.2387714      0.0172702      0.3319292      0.0000000
    482.0000000      0.6669643      0.0000000      0.2399130     -0.0160443      0.2399130      0.0160443      0.3330308      0.0000000
    484.0000000      0.6659475      0.0000000      0.2408690     -0.0147193      0.2408690      0.0147193      0.3340476      0.0000000
    486.0000000      0.6650200      0.0000000      0.2416443     -0.0133469      0.2416443      0.0133469      0.3349750      0.0000000
    488.0000000      0.6641855      0.0000000      0.2423094     -0.0118931      0.2423094      0.0118931      0.3358095      0.0000000
    490.0000000      0.6634501      0.0000000      0.2427967     -0.0103597      0.2427967      0.0103597      0.3365449      0.0000000
    492.0000000      0.6628152      0.0000000      0.2431478     -0.0088460      0.2431478      0.0088460      0.3371798      0.0000000
    494.0000000      0.6622843      0.0000000      0.2433636     -0.0072074      0.2433636      0.0072074      0.3377107      0.0000000
    496.0000000      0.6618652      0.0000000      0.2433370     -0.0054694      0.2433370      0.0054694      0.3381297      0.0000000
    498.0000000      0.6615593      0.0000000      0.2431419     -0.0038234      0.2431419      0.0038234      0.3384356      0.0000000
    500.0000000      0.6613585      0.0000000      0.2428476     -0.0022316      0.2428476      0.0022316      0.3386363      0.0000000
    502.0000000      0.6612651      0.0000000      0.2424483     -0.0006015      0.2424483      0.0006015      0.3387297      0.0000000
    504.0000000      0.6612789      0.0000000      0.2419900      0.0010133      0.2419900     -0.0010133      0.3387159      0.0000000
    506.0000000      0.6613966      0.0000000      0.2414379      0.0025185      0.2414379     -0.0025185      0.3385982      0.0000000
    508.0000000      0.6616095      0.0000000      0.2407873      0.0039362      0.2407873     -0.0039362      0.3383852      0.0000000
    510.0000000      0.6619168      0.0000000      0.2400573      0.0053415      0.2400573     -0.0053415      0.3380780      0.0000000
    512.0000000      0.6623130      0.0000000      0.2393081      0.0066345      0.2393081     -0.0066345      0.3376818      0.0000000
    514.0000000      0.6627905      0.0000000      0.2386091      0.0078013      0.2386091     -0.0078013      0.3372042      0.0000000
    516.0000000      0.6633413      0.0000000      0.2378385      0.0088460      0.2378385     -0.0088460      0.3366534      0.0000000
    518.0000000      0.6639581      0.0000000      0.2369874      0.0098203      0.2369874     -0.0098203      0.3360366      0.0000000
    520.0000000      0.6646377      0.0000000      0.2360596      0.0107339      0.2360596     -0.0107339      0.3353570      0.0000000
    522.0000000      0.6653745      0.0000000      0.2350275      0.0115385      0.2350275     -0.0115385      0.3346202      0.0000000
    524.0000000      0.6661582      0.0000000      0.2339806      0.0121556      0.2339806     -0.0121556      0.3338364      0.0000000
    526.0000000      0.6669783      0.0000000      0.2330126      0.0126579      0.2330126     -0.0126579      0.3330163      0.0000000
    528.0000000      0.6678295      0.0000000      0.2320522      0.0130851      0.2320522     -0.0130851      0.3321650      0.0000000
    530.0000000      0.6687045      0.0000000      0.2311316      0.0133766      0.2311316     -0.0133766      0.3312900      0.0000000
    532.0000000      0.6695955      0.0000000      0.2303013      0.0135850      0.2303013     -0.0135850      0.3303990      0.0000000
    534.0000000      0.6704982      0.0000000      0.2295247      0.0137268      0.2295247     -0.0137268      0.3294963      0.0000000
    536.0000000      0.6714081      0.0000000      0.2287853      0.0137993      0.2287853     -0.0137993      0.3285864      0.0000000
    538.0000000      0.6723200      0.0000000      0.2280737      0.0137878      0.2280737     -0.0137878      0.3276745      0.0000000
    540.0000000      0.6732279      0.0000000      0.2273485      0.0136784      0.2273485     -0.0136784      0.3267665      0.0000000
    542.0000000      0.6741260      0.0000000      0.2266045      0.0134827      0.2266045     -0.0134827      0.3258684      0.0000000
    544.0000000      0.6750068      0.0000000      0.2259378      0.0131564      0.2259378     -0.0131564      0.3249876      0.0000000
    546.0000000      0.6758612      0.0000000      0.2253721      0.0126813      0.2253721     -0.0126813      0.3241332      0.0000000
    548.0000000      0.6766806      0.0000000      0.2249710      0.0121030      0.2249710     -0.0121030      0.3233138      0.0000000
    550.0000000      0.6774581      0.0000000      0.2247165      0.0114061      0.2247165     -0.0114061      0.3225363      0.0000000
    552.0000000      0.6781877      0.0000000      0.2245623      0.0106901      0.2245623     -0.0106901      0.3218066      0.0000000
    554.0000000      0.6788713      0.0000000      0.2244010      0.0099922      0.2244010     -0.0099922      0.3211229      0.0000000
    556.0000000      0.6795078      0.0000000      0.2243057      0.0092731      0.2243057     -0.0092731      0.3204865      0.0000000
    558.0000000      0.6800952      0.0000000      0.2242573      0.0084965      0.2242573     -0.0084965      0.3198990      0.0000000
    560.0000000      0.6806326      0.0000000      0.2241806      0.0077855      0.2241806     -0.0077855      0.3193616      0.0000000
    562.0000000      0.6811250      0.0000000      0.2241292      0.0071300      0.2241292     -0.0071300      0.3188692      0.0000000
    564.0000000      0.6815751      0.0000000      0.2240955      0.0064789      0.2240955     -0.0064789      0.3184191      0.0000000
    566.0000000      0.6819775      0.0000000      0.2240272      0.0056707      0.2240272     -0.0056707      0.3180166      0.0000000
    568.0000000      0.6823226      0.0000000      0.2240344      0.0047713      0.2240344     -0.0047713      0.3176715      0.0000000
    570.0000000      0.6826088      0.0000000      0.2241235      0.0039020      0.2241235     -0.0039020      0.3173853      0.0000000
    572.0000000      0.6828387      0.0000000      0.2242337      0.0030658      0.2242337     -0.0030658      0.3171554      0.0000000
    574.0000000      0.6830155      0.0000000      0.2243246      0.0022841      0.2243246     -0.0022841      0.3169786      0.0000000
    576.0000000      0.6831397      0.0000000      0.2245295      0.0014750      0.2245295     -0.0014750      0.3168544      0.0000000
    578.0000000      0.6832113      0.0000000      0.2247901      0.0007016      0.2247901     -0.0007016      0.3167827      0.0000000
    580.0000000      0.6832329      0.0000000      0.2250583     -0.0000475      0.2250583      0.0000475      0.3167611      0.0000000
    582.0000000      0.6832054      0.0000000      0.2252962     -0.0007727      0.2252962      0.0007727      0.3167886      0.0000000
    584.0000000      0.6831333      0.0000000      0.2254790     -0.0013963      0.2254790      0.0013963      0.3168607      0.0000000
    586.0000000      0.6830212      0.0000000      0.2256096     -0.0020002      0.2256096      0.0020002      0.3169727      0.0000000
    588.0000000      0.6828691      0.0000000      0.2257554     -0.0025890      0.2257554      0.0025890      0.3171248      0.0000000
    590.0000000      0.6826798      0.0000000      0.2258750     -0.0031377      0.2258750      0.0031377      0.3173141      0.0000000
    592.0000000      0.6824561      0.0000000      0.2259328     -0.0036180      0.2259328      0.0036180      0.3175378      0.0000000
    594.0000000      0.6822038      0.0000000      0.2260053     -0.0040107      0.2260053      0.0040107      0.3177901      0.0000000
    596.0000000      0.6819268      0.0000000      0.2260827     -0.0043546      0.2260827      0.0043546      0.3180671      0.0000000
    598.0000000      0.6816312      0.0000000      0.2261184     -0.0045845      0.2261184      0.0045845      0.3183626      0.0000000
    600.0000000      0.6813202      0.0000000      0.2261423     -0.0048204      0.2261423      0.0048204      0.3186736      0.0000000
    602.0000000      0.6809966      0.0000000      0.2261388     -0.0049607      0.2261388      0.0049607      0.3189972      0.0000000
    604.0000000      0.6806665      0.0000000      0.2260220     -0.0050294      0.2260220      0.0050294      0.3193272      0.0000000
    606.0000000      0.6803302      0.0000000      0.2259130     -0.0051593      0.2259130      0.0051593      0.3196635      0.0000000
    608.0000000      0.6799823      0.0000000      0.2258193     -0.0053802      0.2258193      0.0053802      0.3200114      0.0000000
    610.0000000      0.6796206      0.0000000      0.2257555     -0.0055583      0.2257555      0.0055583      0.3203731      0.0000000
    612.0000000      0.6792472      0.0000000      0.2257128     -0.0057428      0.2257128      0.0057428      0.3207464      0.0000000
    614.0000000      0.6788627      0.0000000      0.2257397     -0.0059019      0.2257397      0.0059019      0.3211310      0.0000000
    616.0000000      0.6784663      0.0000000      0.2258205     -0.0060899      0.2258205      0.0060899      0.3215273      0.0000000
    618.0000000      0.6780590      0.0000000      0.2259113     -0.0062366      0.2259113      0.0062366      0.3219346      0.0000000
    620.0000000      0.6776398      0.0000000      0.2260139     -0.0064770      0.2260139      0.0064770      0.3223537      0.0000000
    622.0000000      0.6772011      0.0000000      0.2260762     -0.0067970      0.2260762      0.0067970      0.3227924      0.0000000
    624.0000000      0.6767424      0.0000000      0.2260914     -0.0070855      0.2260914      0.0070855      0.3232512      0.0000000
    626.0000000      0.6762650      0.0000000      0.2260555     -0.0073663      0.2260555      0.0073663      0.3237285      0.0000000
    628.0000000      0.6757681      0.0000000      0.2260827     -0.0076663      0.2260827      0.0076663      0.3242254      0.0000000
    630.0000000      0.6752546      0.0000000      0.2260645     -0.0078588      0.2260645      0.0078588      0.3247389      0.0000000
    632.0000000      0.6747292      0.0000000      0.2259888     -0.0080418      0.2259888      0.0080418      0.3252642      0.0000000
    634.0000000      0.6741951      0.0000000      0.2258997     -0.0081109      0.2258997      0.0081109      0.3257983      0.0000000
    636.0000000      0.6736575      0.0000000      0.2258029     -0.0081321      0.2258029      0.0081321      0.3263359      0.0000000
    638.0000000      0.6731238      0.0000000      0.2256694     -0.0080113      0.2256694      0.0080113      0.3268696      0.0000000
    640.0000000      0.6725997      0.0000000      0.2255008     -0.0078313      0.2255008      0.0078313      0.3273937      0.0000000
    642.0000000      0.6720932      0.0000000      0.2253604     -0.0074840      0.2253604      0.0074840      0.3279002      0.0000000
    644.0000000      0.6716106      0.0000000      0.2252458     -0.0071177      0.2252458      0.0071177      0.3283827      0.0000000
    646.0000000      0.6711554      0.0000000      0.2250431     -0.0066337      0.2250431      0.0066337      0.3288379      0.0000000
    648.0000000      0.6707358      0.0000000      0.2248074     -0.0060564      0.2248074      0.0060564      0.3292575      0.0000000
    650.0000000      0.6703564      0.0000000      0.2245154     -0.0054255      0.2245154      0.0054255      0.3296369      0.0000000
    652.0000000      0.6700175      0.0000000      0.2242727     -0.0048305      0.2242727      0.0048305      0.3299758      0.0000000
    654.0000000      0.6697207      0.0000000      0.2240185     -0.0041295      0.2240185      0.0041295      0.3302725      0.0000000
    656.0000000      0.6694757      0.0000000      0.2237361     -0.0032566      0.2237361      0.0032566      0.3305175      0.0000000
    658.0000000      0.6692930      0.0000000      0.2234545     -0.0022732      0.2234545      0.0022732      0.3307002      0.0000000
    660.0000000      0.6691728      0.0000000      0.2231650     -0.0013938      0.2231650      0.0013938      0.3308204      0.0000000
    662.0000000      0.6691053      0.0000000      0.2228532     -0.0006482      0.2228532      0.0006482      0.3308879      0.0000000
    664.0000000      0.6690885      0.0000000      0.2225825      0.0001422      0.2225825     -0.0001422      0.3309046      0.0000000
    666.0000000      0.6691237      0.0000000      0.2223525      0.0009138      0.2223525     -0.0009138      0.3308694      0.0000000
    668.0000000      0.6692064      0.0000000      0.2221691      0.0015659      0.2221691     -0.0015659      0.3307867      0.0000000
    670.0000000      0.6693286      0.0000000      0.2219623      0.0021287      0.2219623     -0.0021287      0.3306645      0.0000000
    672.0000000      0.6694869      0.0000000      0.2216391      0.0026519      0.2216391     -0.0026519      0.3305061      0.0000000
    674.0000000      0.6696764      0.0000000      0.2212643      0.0030498      0.2212643     -0.0030498      0.3303166      0.0000000
    676.0000000      0.6698860      0.0000000      0.2208482      0.0032758      0.2208482     -0.0032758      0.3301070      0.0000000
    678.0000000      0.6701077      0.0000000      0.2204551      0.0034250      0.2204551     -0.0034250      0.3298853      0.0000000
    680.0000000      0.6703384      0.0000000      0.2200977      0.0035527      0.2200977     -0.0035527      0.3296546      0.0000000
    682.0000000      0.6705753      0.0000000      0.2197583      0.0035998      0.2197583     -0.0035998      0.3294176      0.0000000
    684.0000000      0.6708136      0.0000000      0.2194550      0.0036282      0.2194550     -0.0036282      0.3291794      0.0000000
    686.0000000      0.6710577      0.0000000      0.2191541      0.0037844      0.2191541     -0.0037844      0.3289352      0.0000000
    688.0000000      0.6713141      0.0000000      0.2188583      0.0039590      0.2188583     -0.0039590      0.3286788      0.0000000
    690.0000000      0.6715802      0.0000000      0.2186069      0.0041007      0.2186069     -0.0041007      0.3284126      0.0000000
    692.0000000      0.6718553      0.0000000      0.2184108      0.0042087      0.2184108     -0.0042087      0.3281376      0.0000000
    694.0000000      0.6721344      0.0000000      0.2182628      0.0042388      0.2182628     -0.0042388      0.3278584      0.0000000
    696.0000000      0.6724149      0.0000000      0.2181208      0.0042355      0.2181208     -0.0042355      0.3275779      0.0000000
    698.0000000      0.6726920      0.0000000      0.2179761      0.0041393      0.2179761     -0.0041393      0.3273008      0.0000000
    700.0000000      0.6729616      0.0000000      0.2178759      0.0040170      0.2178759     -0.0040170      0.3270311      0.0000000
    702.0000000      0.6732218      0.0000000      0.2177729      0.0038553      0.2177729     -0.0038553      0.3267710      0.0000000
    704.0000000      0.6734717      0.0000000      0.2175755      0.0037162      0.2175755     -0.0037162      0.3265210      0.0000000
    706.0000000      0.6737123      0.0000000      0.2174096      0.0035588      0.2174096     -0.0035588      0.3262804      0.0000000
    708.0000000      0.6739425      0.0000000      0.2172419      0.0034087      0.2172419     -0.0034087      0.3260502      0.0000000
    710.0000000      0.6741633      0.0000000      0.2169734      0.0032881      0.2169734     -0.0032881      0.3258293      0.0000000
    712.0000000      0.6743773      0.0000000      0.2165972      0.0031815      0.2165972     -0.0031815      0.3256153      0.0000000
    714.0000000      0.6745824      0.0000000      0.2161015      0.0030174      0.2161015     -0.0030174      0.3254101      0.0000000
    716.0000000      0.6747744      0.0000000      0.2155718      0.0027885      0.2155718     -0.0027885      0.3252181      0.0000000
    718.0000000      0.6749496      0.0000000      0.2151050      0.0024885      0.2151050     -0.0024885      0.3250429      0.0000000
    720.0000000      0.6750997      0.0000000      0.2146560      0.0020344      0.2146560     -0.0020344      0.3248929      0.0000000
    722.0000000      0.6752177      0.0000000      0.2141949      0.0015376      0.2141949     -0.0015376      0.3247748      0.0000000
    724.0000000      0.6753026      0.0000000      0.2137632      0.0010395      0.2137632     -0.0010395      0.3246898      0.0000000
    726.0000000      0.6753556      0.0000000      0.2134031      0.0005554      0.2134031     -0.0005554      0.3246369      0.0000000
    728.0000000      0.6753734      0.0000000      0.2130407     -0.0000374      0.2130407      0.0000374      0.3246191      0.0000000
    730.0000000      0.6753502      0.0000000      0.2127063     -0.0006557      0.2127063      0.0006557      0.3246422      0.0000000
    732.0000000      0.6752883      0.0000000      0.2125172     -0.0012112      0.2125172      0.0012112      0.3247041      0.0000000
    734.0000000      0.6751900      0.0000000      0.2124278     -0.0017689      0.2124278      0.0017689      0.3248024      0.0000000
    736.0000000      0.6750537      0.0000000      0.2123176     -0.0023573      0.2123176      0.0023573      0.3249386      0.0000000
    738.0000000      0.6748788      0.0000000      0.2122199     -0.0029297      0.2122199      0.0029297      0.3251135      0.0000000
    740.0000000      0.6746668      0.0000000      0.2121789     -0.0034842      0.2121789      0.0034842      0.3253254      0.0000000
    742.0000000      0.6744192      0.0000000      0.2122352     -0.0040081      0.2122352      0.0040081      0.3255731      0.0000000
    744.0000000      0.6741366      0.0000000      0.2123144     -0.0045535      0.2123144      0.0045535      0.3258556      0.0000000
    746.0000000      0.6738167      0.0000000      0.2124512     -0.0051334      0.2124512      0.0051334      0.3261755      0.0000000
    748.0000000      0.6734582      0.0000000      0.2126390     -0.0057027      0.2126390      0.0057027      0.3265340      0.0000000
    750.0000000      0.6730644      0.0000000      0.2128920     -0.0062085      0.2128920      0.0062085      0.3269278      0.0000000
    752.0000000      0.6726401      0.0000000      0.2131938     -0.0066174      0.2131938      0.0066174      0.3273520      0.0000000
    754.0000000      0.6721892      0.0000000      0.2134071     -0.0070421      0.2134071      0.0070421      0.3278029      0.0000000
    756.0000000      0.6717092      0.0000000      0.2135910     -0.0074915      0.2135910      0.0074915      0.3282829      0.0000000
    758.0000000      0.6711984      0.0000000      0.2137817     -0.0079742      0.2137817      0.0079742      0.3287937      0.0000000
    760.0000000      0.6706540      0.0000000      0.2139921     -0.0085145      0.2139921      0.0085145      0.3293380      0.0000000
    762.0000000      0.6700733      0.0000000      0.2143124     -0.0090450      0.2143124      0.0090450      0.3299187      0.0000000
    764.0000000      0.6694614      0.0000000      0.2146673     -0.0094645      0.2146673      0.0094645      0.3305306      0.0000000
    766.0000000      0.6688237      0.0000000      0.2150027     -0.0098067      0.2150027      0.0098067      0.3311682      0.0000000
    768.0000000      0.6681678      0.0000000      0.2154116     -0.0100439      0.2154116      0.0100439      0.3318241      0.0000000
    770.0000000      0.6674979      0.0000000      0.2158935     -0.0101960      0.2158935      0.0101960      0.3324940      0.0000000
    772.0000000      0.6668248      0.0000000      0.2163994     -0.0101510      0.2163994      0.0101510      0.3331671      0.0000000
    774.0000000      0.6661593      0.0000000      0.2169805     -0.0099723      0.2169805      0.0099723      0.3338326      0.0000000
    776.0000000      0.6655100      0.0000000      0.2175662     -0.0096537      0.2175662      0.0096537      0.3344818      0.0000000
    778.0000000      0.6648873      0.0000000      0.2180761     -0.0091697      0.2180761      0.0091697      0.3351045      0.0000000
    780.0000000      0.6643002      0.0000000      0.2185372     -0.0085854      0.2185372      0.0085854      0.3356916      0.0000000
    782.0000000      0.6637555      0.0000000      0.2189849     -0.0078779      0.2189849      0.0078779      0.3362363      0.0000000
    784.0000000      0.6632603      0.0000000      0.2193691     -0.0071192      0.2193691      0.0071192      0.3367315      0.0000000
    786.0000000      0.6628144      0.0000000      0.2196575     -0.0063576      0.2196575      0.0063576      0.3371773      0.0000000
    788.0000000      0.6624230      0.0000000      0.2199725     -0.0054801      0.2199725      0.0054801      0.3375687      0.0000000
    790.0000000      0.6620897      0.0000000      0.2202594     -0.0046073      0.2202594      0.0046073      0.3379020      0.0000000
    792.0000000      0.6618147      0.0000000      0.2204752     -0.0037293      0.2204752      0.0037293      0.3381770      0.0000000
    794.0000000      0.6615943      0.0000000      0.2206206     -0.0029409      0.2206206      0.0029409      0.3383974      0.0000000
    796.0000000      0.6614260      0.0000000      0.2206604     -0.0021671      0.2206604      0.0021671      0.3385656      0.0000000
    798.0000000      0.6613060      0.0000000      0.2206207     -0.0014873      0.2206207      0.0014873      0.3386856      0.0000000
    800.0000000      0.6612270      0.0000000      0.2204912     -0.0009075      0.2204912      0.0009075      0.3387645      0.0000000
    802.0000000      0.6611862      0.0000000      0.2202639     -0.0003116      0.2202639      0.0003116      0.3388053      0.0000000
    804.0000000      0.6611877      0.0000000      0.2199898      0.0003628      0.2199898     -0.0003628      0.3388038      0.0000000
    806.0000000      0.6612349      0.0000000      0.2196164      0.0010607      0.2196164     -0.0010607      0.3387566      0.0000000
    808.0000000      0.6613243      0.0000000      0.2191668      0.0016121      0.2191668     -0.0016121      0.3386672      0.0000000
    810.0000000      0.6614453      0.0000000      0.2187274      0.0020377      0.2187274     -0.0020377      0.3385462      0.0000000
    812.0000000      0.6615916      0.0000000      0.2183094      0.0023741      0.2183094     -0.0023741      0.3383999      0.0000000
    814.0000000      0.6617567      0.0000000      0.2178388      0.0026040      0.2178388     -0.0026040      0.3382347      0.0000000
    816.0000000      0.6619348      0.0000000      0.2172314      0.0027818      0.2172314     -0.0027818      0.3380566      0.0000000
    818.0000000      0.6621239      0.0000000      0.2166298      0.0029346      0.2166298     -0.0029346      0.3378675      0.0000000
    820.0000000      0.6623203      0.0000000      0.2160433      0.0029887      0.2160433     -0.0029887      0.3376710      0.0000000
    822.0000000      0.6625139      0.0000000      0.2154764      0.0028380      0.2154764     -0.0028380      0.3374774      0.0000000
    824.0000000      0.6626922      0.0000000      0.2148739      0.0025514      0.2148739     -0.0025514      0.3372991      0.0000000
    826.0000000      0.6628525      0.0000000      0.2142245      0.0023110      0.2142245     -0.0023110      0.3371388      0.0000000
    828.0000000      0.6629984      0.0000000      0.2135336      0.0020989      0.2135336     -0.0020989      0.3369929      0.0000000
    830.0000000      0.6631290      0.0000000      0.2128356      0.0018555      0.2128356     -0.0018555      0.3368623      0.0000000
    832.0000000      0.6632433      0.0000000      0.2121494      0.0015919      0.2121494     -0.0015919      0.3367480      0.0000000
    834.0000000      0.6633384      0.0000000      0.2114282      0.0012716      0.2114282     -0.0012716      0.3366528      0.0000000
    836.0000000      0.6634076      0.0000000      0.2107252      0.0007963      0.2107252     -0.0007963      0.3365835      0.0000000
    838.0000000      0.6634405      0.0000000      0.2100688      0.0001869      0.2100688     -0.0001869      0.3365506      0.0000000
    840.0000000      0.6634307      0.0000000      0.2094937     -0.0005012      0.2094937      0.0005012      0.3365605      0.0000000
    842.0000000      0.6633734      0.0000000      0.2089722     -0.0012295      0.2089722      0.0012295      0.3366177      0.0000000
    844.0000000      0.6632682      0.0000000      0.2084972     -0.0019621      0.2084972      0.0019621      0.3367229      0.0000000
    846.0000000      0.6631137      0.0000000      0.2081586     -0.0027085      0.2081586      0.0027085      0.3368773      0.0000000
    848.0000000      0.6629095      0.0000000      0.2080421     -0.0034935      0.2080421      0.0034935      0.3370815      0.0000000
    850.0000000      0.6626487      0.0000000      0.2081020     -0.0044122      0.2081020      0.0044122      0.3373423      0.0000000
    852.0000000      0.6623264      0.0000000      0.2082087     -0.0053259      0.2082087      0.0053259      0.3376646      0.0000000
    854.0000000      0.6619472      0.0000000      0.2084292     -0.0061480      0.2084292      0.0061480      0.3380437      0.0000000
    856.0000000      0.6615130      0.0000000      0.2088103     -0.0070007      0.2088103      0.0070007      0.3384779      0.0000000
    858.0000000      0.6610226      0.0000000      0.2093190     -0.0078305      0.2093190      0.0078305      0.3389683      0.0000000
    860.0000000      0.6604801      0.0000000      0.2098759     -0.0085752      0.2098759      0.0085752      0.3395108      0.0000000
    862.0000000      0.6598918      0.0000000      0.2104831     -0.0092158      0.2104831      0.0092158      0.3400990      0.0000000
    864.0000000      0.6592651      0.0000000      0.2111040     -0.0097063      0.2111040      0.0097063      0.3407257      0.0000000
    866.0000000      0.6586136      0.0000000      0.2117025     -0.0099998      0.2117025      0.0099998      0.3413773      0.0000000
    868.0000000      0.6579441      0.0000000      0.2123321     -0.0102628      0.2123321      0.0102628      0.3420467      0.0000000
    870.0000000      0.6572592      0.0000000      0.2129837     -0.0104541      0.2129837      0.0104541      0.3427316      0.0000000
    872.0000000      0.6565642      0.0000000      0.2135835     -0.0105614      0.2135835      0.0105614      0.3434266      0.0000000
    874.0000000      0.6558667      0.0000000      0.2141682     -0.0105109      0.2141682      0.0105109      0.3441240      0.0000000
    876.0000000      0.6551807      0.0000000      0.2147286     -0.0102121      0.2147286      0.0102121      0.3448100      0.0000000
    878.0000000      0.6545205      0.0000000      0.2152595     -0.0097639      0.2152595      0.0097639      0.3454702      0.0000000
    880.0000000      0.6538924      0.0000000      0.2158369     -0.0092098      0.2158369      0.0092098      0.3460983      0.0000000
    882.0000000      0.6533082      0.0000000      0.2164860     -0.0084505      0.2164860      0.0084505      0.3466825      0.0000000
    884.0000000      0.6527774      0.0000000      0.2171308     -0.0075867      0.2171308      0.0075867      0.3472132      0.0000000
    886.0000000      0.6523100      0.0000000      0.2176871     -0.0065363      0.2176871      0.0065363      0.3476806      0.0000000
    888.0000000      0.6519145      0.0000000      0.2181327     -0.0054423      0.2181327      0.0054423      0.3480761      0.0000000
    890.0000000      0.6515913      0.0000000      0.2184647     -0.0043177      0.2184647      0.0043177      0.3483993      0.0000000
    892.0000000      0.6513470      0.0000000      0.2187700     -0.0030599      0.2187700      0.0030599      0.3486435      0.0000000
    894.0000000      0.6511875      0.0000000      0.2190120     -0.0017739      0.2190120      0.0017739      0.3488030      0.0000000
    896.0000000      0.6511127      0.0000000      0.2192194     -0.0004783      0.2192194      0.0004783      0.3488777      0.0000000
    898.0000000      0.6511261      0.0000000      0.2194763      0.0008909      0.2194763     -0.0008909      0.3488643      0.0000000
    900.0000000      0.6512287      0.0000000      0.2197434      0.0021996      0.2197434     -0.0021996      0.3487618      0.0000000
    902.0000000      0.6514158      0.0000000      0.2199452      0.0034507      0.2199452     -0.0034507      0.3485746      0.0000000
    904.0000000      0.6516841      0.0000000      0.2200612      0.0046799      0.2200612     -0.0046799      0.3483063      0.0000000
    906.0000000      0.6520337      0.0000000      0.2200469      0.0058709      0.2200469     -0.0058709      0.3479566      0.0000000
    908.0000000      0.6524559      0.0000000      0.2199625      0.0069039      0.2199625     -0.0069039      0.3475344      0.0000000
    910.0000000      0.6529462      0.0000000      0.2197877      0.0079360      0.2197877     -0.0079360      0.3470441      0.0000000
    912.0000000      0.6535035      0.0000000      0.2195210      0.0089084      0.2195210     -0.0089084      0.3464868      0.0000000
    914.0000000      0.6541224      0.0000000      0.2192762      0.0098250      0.2192762     -0.0098250      0.3458679      0.0000000
    916.0000000      0.6548017      0.0000000      0.2188862      0.0107269      0.2188862     -0.0107269      0.3451886      0.0000000
    918.0000000      0.6555366      0.0000000      0.2183779      0.0114871      0.2183779     -0.0114871      0.3444536      0.0000000
    920.0000000      0.6563170      0.0000000      0.2177511      0.0121153      0.2177511     -0.0121153      0.3436733      0.0000000
    922.0000000      0.6571367      0.0000000      0.2170193      0.0126909      0.2170193     -0.0126909      0.3428535      0.0000000
    924.0000000      0.6579938      0.0000000      0.2161706      0.0132528      0.2161706     -0.0132528      0.3419964      0.0000000
    926.0000000      0.6588861      0.0000000      0.2151969      0.0137237      0.2151969     -0.0137237      0.3411041      0.0000000
    928.0000000      0.6598029      0.0000000      0.2141816      0.0139907      0.2141816     -0.0139907      0.3401872      0.0000000
    930.0000000      0.6607310      0.0000000      0.2131324      0.0140662      0.2131324     -0.0140662      0.3392591      0.0000000
    932.0000000      0.6616581      0.0000000      0.2120978      0.0139773      0.2120978     -0.0139773      0.3383320      0.0000000
    934.0000000      0.6625756      0.0000000      0.2110373      0.0137732      0.2110373     -0.0137732      0.3374145      0.0000000
    936.0000000      0.6634749      0.0000000      0.2099444      0.0134206      0.2099444     -0.0134206      0.3365151      0.0000000
    938.0000000      0.6643490      0.0000000      0.2089063      0.0130384      0.2089063     -0.0130384      0.3356410      0.0000000
    940.0000000      0.6651943      0.0000000      0.2078987      0.0125158      0.2078987     -0.0125158      0.3347957      0.0000000
    942.0000000      0.6660003      0.0000000      0.2069728      0.0118620      0.2069728     -0.0118620      0.3339896      0.0000000
    944.0000000      0.6667595      0.0000000      0.2061187      0.0110958      0.2061187     -0.0110958      0.3332304      0.0000000
    946.0000000      0.6674641      0.0000000      0.2052901      0.0102001      0.2052901     -0.0102001      0.3325259      0.0000000
    948.0000000      0.6681032      0.0000000      0.2045326      0.0091098      0.2045326     -0.0091098      0.3318866      0.0000000
    950.0000000      0.6686654      0.0000000      0.2038863      0.0079156      0.2038863     -0.0079156      0.3313244      0.0000000
    952.0000000      0.6691484      0.0000000      0.2032831      0.0066861      0.2032831     -0.0066861      0.3308415      0.0000000
    954.0000000      0.6695490      0.0000000      0.2027485      0.0054436      0.2027485     -0.0054436      0.3304409      0.0000000
    956.0000000      0.6698691      0.0000000      0.2023220      0.0042470      0.2023220     -0.0042470      0.3301207      0.0000000
    958.0000000      0.6701082      0.0000000      0.2019917      0.0029808      0.2019917     -0.0029808      0.3298816      0.0000000
    960.0000000      0.6702626      0.0000000      0.2017630      0.0016974      0.2017630     -0.0016974      0.3297272      0.0000000
    962.0000000      0.6703335      0.0000000      0.2017410      0.0004511      0.2017410     -0.0004511      0.3296563      0.0000000
    964.0000000      0.6703228      0.0000000      0.2019554     -0.0007638      0.2019554      0.0007638      0.3296669      0.0000000
    966.0000000      0.6702357      0.0000000      0.2023181     -0.0018388      0.2023181      0.0018388      0.3297540      0.0000000
    968.0000000      0.6700839      0.0000000      0.2027578     -0.0027372      0.2027578      0.0027372      0.3299057      0.0000000
    970.0000000      0.6698751      0.0000000      0.2032142     -0.0035669      0.2032142      0.0035669      0.3301145      0.0000000
    972.0000000      0.6696120      0.0000000      0.2037218     -0.0044198      0.2037218      0.0044198      0.3303777      0.0000000
    974.0000000      0.6692901      0.0000000      0.2042928     -0.0053304      0.2042928      0.0053304      0.3306995      0.0000000
    976.0000000      0.6689078      0.0000000      0.2049359     -0.0062151      0.2049359      0.0062151      0.3310818      0.0000000
    978.0000000      0.6684707      0.0000000      0.2057298     -0.0070190      0.2057298      0.0070190      0.3315189      0.0000000
    980.0000000      0.6679814      0.0000000      0.2066176     -0.0077594      0.2066176      0.0077594      0.3320082      0.0000000
    982.0000000      0.6674485      0.0000000      0.2075779     -0.0083473      0.2075779      0.0083473      0.3325410      0.0000000
    984.0000000      0.6668822      0.0000000      0.2085622     -0.0087672      0.2085622      0.0087672      0.3331073      0.0000000
    986.0000000      0.6662909      0.0000000      0.2094743     -0.0091217      0.2094743      0.0091217      0.3336985      0.0000000
    988.0000000      0.6656787      0.0000000      0.2103279     -0.0093801      0.2103279      0.0093801      0.3343108      0.0000000
    990.0000000      0.6650546      0.0000000      0.2112203     -0.0094926      0.2112203      0.0094926      0.3349348      0.0000000
    992.0000000      0.6644272      0.0000000      0.2120924     -0.0094818      0.2120924      0.0094818      0.3355622      0.0000000
    994.0000000      0.6638023      0.0000000      0.2129560     -0.0094304      0.2129560      0.0094304      0.3361871      0.0000000
    996.0000000      0.6631830      0.0000000      0.2138393     -0.0092882      0.2138393      0.0092882      0.3368064      0.0000000
    998.0000000      0.6625760      0.0000000      0.2146525     -0.0090798      0.2146525      0.0090798      0.3374133      0.0000000
